[INFO ] 2023-11-23 12:27:16.326 [main] UserTests - ===============Create User test is start===========
[INFO ] 2023-11-23 12:27:19.144 [main] UserTests - ===============Create User test is Ended===========
[INFO ] 2023-11-23 12:27:19.155 [main] UserTests - =============== User Info is start===========
[INFO ] 2023-11-23 12:27:20.351 [main] UserTests - =============== User Info is End===========
[INFO ] 2023-11-23 12:27:20.353 [main] UserTests - =============== Updating  User info is start===========
[INFO ] 2023-11-23 12:27:23.159 [main] UserTests - =============== Updating  User info End===========
[INFO ] 2023-11-23 12:27:23.161 [main] UserTests - =============== Delete User Started===========
[INFO ] 2023-11-23 12:27:24.282 [main] UserTests - =============== Delete User Ended===========
[INFO ] 2023-11-23 12:29:16.072 [main] UserTests - ===============Create User test is start===========
[INFO ] 2023-11-23 12:29:18.677 [main] UserTests - ===============Create User test is Ended===========
[INFO ] 2023-11-23 12:29:18.687 [main] UserTests - =============== User Info is start===========
[INFO ] 2023-11-23 12:29:19.861 [main] UserTests - =============== User Info is End===========
[INFO ] 2023-11-23 12:29:19.863 [main] UserTests - =============== Updating  User info is start===========
[INFO ] 2023-11-23 12:29:21.993 [main] UserTests - =============== Updating  User info End===========
[INFO ] 2023-11-23 12:29:21.995 [main] UserTests - =============== Delete User Started===========
[INFO ] 2023-11-23 12:29:23.081 [main] UserTests - =============== Delete User Ended===========
[INFO ] 2023-11-23 12:51:44.093 [main] UserTests - ===============Create User test is start===========
[INFO ] 2023-11-23 12:51:47.348 [main] UserTests - =============== User Info is start===========
[INFO ] 2023-11-23 12:51:48.469 [main] UserTests - =============== Updating  User info is start===========
[INFO ] 2023-11-23 12:51:50.798 [main] UserTests - =============== Delete User Started===========
[INFO ] 2023-11-23 12:51:52.308 [main] UserTests - =============== Delete User Ended===========
[INFO ] 2023-11-23 12:53:08.101 [main] UserTests - ===============Create User test is start===========
[INFO ] 2023-11-23 12:53:11.066 [main] UserTests - =============== User Info is start===========
[INFO ] 2023-11-23 12:53:12.172 [main] UserTests - =============== Updating  User info is start===========
[INFO ] 2023-11-23 12:53:14.577 [main] UserTests - =============== Delete User Started===========
[INFO ] 2023-11-23 12:53:15.718 [main] UserTests - =============== Delete User Ended===========
[INFO ] 2023-11-23 12:53:52.068 [main] UserTests - ===============Create User test is start===========
[INFO ] 2023-11-23 12:53:54.779 [main] UserTests - ===============Create User test is Ended===========
[INFO ] 2023-11-23 12:53:54.787 [main] UserTests - =============== User Info is start===========
[INFO ] 2023-11-23 12:53:55.952 [main] UserTests - =============== User Info is End===========
[INFO ] 2023-11-23 12:53:55.954 [main] UserTests - =============== Updating  User info is start===========
[INFO ] 2023-11-23 12:53:58.274 [main] UserTests - =============== Updating  User info End===========
[INFO ] 2023-11-23 12:53:58.275 [main] UserTests - =============== Delete User Started===========
[INFO ] 2023-11-23 12:53:59.405 [main] UserTests - =============== Delete User Ended===========
[DEBUG] 2023-11-23 13:14:18.810 [main] PackageRelationshipCollection - Parsing relationship: /xl/_rels/workbook.xml.rels
[DEBUG] 2023-11-23 13:14:18.817 [main] PackageRelationshipCollection - Parsing relationship: /xl/worksheets/_rels/sheet1.xml.rels
[DEBUG] 2023-11-23 13:14:18.819 [main] PackageRelationshipCollection - Parsing relationship: /_rels/.rels
[DEBUG] 2023-11-23 13:14:19.256 [main] PackageRelationshipCollection - Parsing relationship: /xl/_rels/workbook.xml.rels
[DEBUG] 2023-11-23 13:14:19.257 [main] PackageRelationshipCollection - Parsing relationship: /xl/worksheets/_rels/sheet1.xml.rels
[DEBUG] 2023-11-23 13:14:19.257 [main] PackageRelationshipCollection - Parsing relationship: /_rels/.rels
[DEBUG] 2023-11-23 13:14:19.283 [main] PackageRelationshipCollection - Parsing relationship: /xl/_rels/workbook.xml.rels
[DEBUG] 2023-11-23 13:14:19.284 [main] PackageRelationshipCollection - Parsing relationship: /xl/worksheets/_rels/sheet1.xml.rels
[DEBUG] 2023-11-23 13:14:19.284 [main] PackageRelationshipCollection - Parsing relationship: /_rels/.rels
[DEBUG] 2023-11-23 13:14:19.324 [main] PackageRelationshipCollection - Parsing relationship: /xl/_rels/workbook.xml.rels
[DEBUG] 2023-11-23 13:14:19.325 [main] PackageRelationshipCollection - Parsing relationship: /xl/worksheets/_rels/sheet1.xml.rels
[DEBUG] 2023-11-23 13:14:19.326 [main] PackageRelationshipCollection - Parsing relationship: /_rels/.rels
[DEBUG] 2023-11-23 13:14:19.350 [main] PackageRelationshipCollection - Parsing relationship: /xl/_rels/workbook.xml.rels
[DEBUG] 2023-11-23 13:14:19.351 [main] PackageRelationshipCollection - Parsing relationship: /xl/worksheets/_rels/sheet1.xml.rels
[DEBUG] 2023-11-23 13:14:19.352 [main] PackageRelationshipCollection - Parsing relationship: /_rels/.rels
[DEBUG] 2023-11-23 13:14:19.370 [main] PackageRelationshipCollection - Parsing relationship: /xl/_rels/workbook.xml.rels
[DEBUG] 2023-11-23 13:14:19.371 [main] PackageRelationshipCollection - Parsing relationship: /xl/worksheets/_rels/sheet1.xml.rels
[DEBUG] 2023-11-23 13:14:19.371 [main] PackageRelationshipCollection - Parsing relationship: /_rels/.rels
[DEBUG] 2023-11-23 13:14:19.387 [main] PackageRelationshipCollection - Parsing relationship: /xl/_rels/workbook.xml.rels
[DEBUG] 2023-11-23 13:14:19.388 [main] PackageRelationshipCollection - Parsing relationship: /xl/worksheets/_rels/sheet1.xml.rels
[DEBUG] 2023-11-23 13:14:19.389 [main] PackageRelationshipCollection - Parsing relationship: /_rels/.rels
[DEBUG] 2023-11-23 13:14:19.405 [main] PackageRelationshipCollection - Parsing relationship: /xl/_rels/workbook.xml.rels
[DEBUG] 2023-11-23 13:14:19.406 [main] PackageRelationshipCollection - Parsing relationship: /xl/worksheets/_rels/sheet1.xml.rels
[DEBUG] 2023-11-23 13:14:19.406 [main] PackageRelationshipCollection - Parsing relationship: /_rels/.rels
[DEBUG] 2023-11-23 13:14:19.425 [main] PackageRelationshipCollection - Parsing relationship: /xl/_rels/workbook.xml.rels
[DEBUG] 2023-11-23 13:14:19.426 [main] PackageRelationshipCollection - Parsing relationship: /xl/worksheets/_rels/sheet1.xml.rels
[DEBUG] 2023-11-23 13:14:19.427 [main] PackageRelationshipCollection - Parsing relationship: /_rels/.rels
[DEBUG] 2023-11-23 13:14:19.443 [main] PackageRelationshipCollection - Parsing relationship: /xl/_rels/workbook.xml.rels
[DEBUG] 2023-11-23 13:14:19.443 [main] PackageRelationshipCollection - Parsing relationship: /xl/worksheets/_rels/sheet1.xml.rels
[DEBUG] 2023-11-23 13:14:19.444 [main] PackageRelationshipCollection - Parsing relationship: /_rels/.rels
[DEBUG] 2023-11-23 13:14:19.462 [main] PackageRelationshipCollection - Parsing relationship: /xl/_rels/workbook.xml.rels
[DEBUG] 2023-11-23 13:14:19.463 [main] PackageRelationshipCollection - Parsing relationship: /xl/worksheets/_rels/sheet1.xml.rels
[DEBUG] 2023-11-23 13:14:19.463 [main] PackageRelationshipCollection - Parsing relationship: /_rels/.rels
[DEBUG] 2023-11-23 13:14:19.476 [main] PackageRelationshipCollection - Parsing relationship: /xl/_rels/workbook.xml.rels
[DEBUG] 2023-11-23 13:14:19.476 [main] PackageRelationshipCollection - Parsing relationship: /xl/worksheets/_rels/sheet1.xml.rels
[DEBUG] 2023-11-23 13:14:19.477 [main] PackageRelationshipCollection - Parsing relationship: /_rels/.rels
[DEBUG] 2023-11-23 13:14:19.490 [main] PackageRelationshipCollection - Parsing relationship: /xl/_rels/workbook.xml.rels
[DEBUG] 2023-11-23 13:14:19.491 [main] PackageRelationshipCollection - Parsing relationship: /xl/worksheets/_rels/sheet1.xml.rels
[DEBUG] 2023-11-23 13:14:19.491 [main] PackageRelationshipCollection - Parsing relationship: /_rels/.rels
[DEBUG] 2023-11-23 13:14:19.506 [main] PackageRelationshipCollection - Parsing relationship: /xl/_rels/workbook.xml.rels
[DEBUG] 2023-11-23 13:14:19.507 [main] PackageRelationshipCollection - Parsing relationship: /xl/worksheets/_rels/sheet1.xml.rels
[DEBUG] 2023-11-23 13:14:19.507 [main] PackageRelationshipCollection - Parsing relationship: /_rels/.rels
[DEBUG] 2023-11-23 13:14:19.522 [main] PackageRelationshipCollection - Parsing relationship: /xl/_rels/workbook.xml.rels
[DEBUG] 2023-11-23 13:14:19.522 [main] PackageRelationshipCollection - Parsing relationship: /xl/worksheets/_rels/sheet1.xml.rels
[DEBUG] 2023-11-23 13:14:19.523 [main] PackageRelationshipCollection - Parsing relationship: /_rels/.rels
[DEBUG] 2023-11-23 13:14:19.537 [main] PackageRelationshipCollection - Parsing relationship: /xl/_rels/workbook.xml.rels
[DEBUG] 2023-11-23 13:14:19.537 [main] PackageRelationshipCollection - Parsing relationship: /xl/worksheets/_rels/sheet1.xml.rels
[DEBUG] 2023-11-23 13:14:19.538 [main] PackageRelationshipCollection - Parsing relationship: /_rels/.rels
[DEBUG] 2023-11-23 13:14:19.553 [main] PackageRelationshipCollection - Parsing relationship: /xl/_rels/workbook.xml.rels
[DEBUG] 2023-11-23 13:14:19.553 [main] PackageRelationshipCollection - Parsing relationship: /xl/worksheets/_rels/sheet1.xml.rels
[DEBUG] 2023-11-23 13:14:19.553 [main] PackageRelationshipCollection - Parsing relationship: /_rels/.rels
[DEBUG] 2023-11-23 13:14:19.571 [main] PackageRelationshipCollection - Parsing relationship: /xl/_rels/workbook.xml.rels
[DEBUG] 2023-11-23 13:14:19.572 [main] PackageRelationshipCollection - Parsing relationship: /xl/worksheets/_rels/sheet1.xml.rels
[DEBUG] 2023-11-23 13:14:19.573 [main] PackageRelationshipCollection - Parsing relationship: /_rels/.rels
[DEBUG] 2023-11-23 13:14:19.590 [main] PackageRelationshipCollection - Parsing relationship: /xl/_rels/workbook.xml.rels
[DEBUG] 2023-11-23 13:14:19.590 [main] PackageRelationshipCollection - Parsing relationship: /xl/worksheets/_rels/sheet1.xml.rels
[DEBUG] 2023-11-23 13:14:19.591 [main] PackageRelationshipCollection - Parsing relationship: /_rels/.rels
[DEBUG] 2023-11-23 13:14:19.608 [main] PackageRelationshipCollection - Parsing relationship: /xl/_rels/workbook.xml.rels
[DEBUG] 2023-11-23 13:14:19.608 [main] PackageRelationshipCollection - Parsing relationship: /xl/worksheets/_rels/sheet1.xml.rels
[DEBUG] 2023-11-23 13:14:19.608 [main] PackageRelationshipCollection - Parsing relationship: /_rels/.rels
[DEBUG] 2023-11-23 13:14:19.625 [main] PackageRelationshipCollection - Parsing relationship: /xl/_rels/workbook.xml.rels
[DEBUG] 2023-11-23 13:14:19.625 [main] PackageRelationshipCollection - Parsing relationship: /xl/worksheets/_rels/sheet1.xml.rels
[DEBUG] 2023-11-23 13:14:19.626 [main] PackageRelationshipCollection - Parsing relationship: /_rels/.rels
[DEBUG] 2023-11-23 13:14:19.644 [main] PackageRelationshipCollection - Parsing relationship: /xl/_rels/workbook.xml.rels
[DEBUG] 2023-11-23 13:14:19.645 [main] PackageRelationshipCollection - Parsing relationship: /xl/worksheets/_rels/sheet1.xml.rels
[DEBUG] 2023-11-23 13:14:19.646 [main] PackageRelationshipCollection - Parsing relationship: /_rels/.rels
[DEBUG] 2023-11-23 13:14:19.660 [main] PackageRelationshipCollection - Parsing relationship: /xl/_rels/workbook.xml.rels
[DEBUG] 2023-11-23 13:14:19.661 [main] PackageRelationshipCollection - Parsing relationship: /xl/worksheets/_rels/sheet1.xml.rels
[DEBUG] 2023-11-23 13:14:19.663 [main] PackageRelationshipCollection - Parsing relationship: /_rels/.rels
[DEBUG] 2023-11-23 13:14:19.686 [main] PackageRelationshipCollection - Parsing relationship: /xl/_rels/workbook.xml.rels
[DEBUG] 2023-11-23 13:14:19.687 [main] PackageRelationshipCollection - Parsing relationship: /xl/worksheets/_rels/sheet1.xml.rels
[DEBUG] 2023-11-23 13:14:19.688 [main] PackageRelationshipCollection - Parsing relationship: /_rels/.rels
[DEBUG] 2023-11-23 13:14:19.705 [main] PackageRelationshipCollection - Parsing relationship: /xl/_rels/workbook.xml.rels
[DEBUG] 2023-11-23 13:14:19.706 [main] PackageRelationshipCollection - Parsing relationship: /xl/worksheets/_rels/sheet1.xml.rels
[DEBUG] 2023-11-23 13:14:19.706 [main] PackageRelationshipCollection - Parsing relationship: /_rels/.rels
[DEBUG] 2023-11-23 13:14:19.723 [main] PackageRelationshipCollection - Parsing relationship: /xl/_rels/workbook.xml.rels
[DEBUG] 2023-11-23 13:14:19.723 [main] PackageRelationshipCollection - Parsing relationship: /xl/worksheets/_rels/sheet1.xml.rels
[DEBUG] 2023-11-23 13:14:19.724 [main] PackageRelationshipCollection - Parsing relationship: /_rels/.rels
[DEBUG] 2023-11-23 13:14:19.744 [main] PackageRelationshipCollection - Parsing relationship: /xl/_rels/workbook.xml.rels
[DEBUG] 2023-11-23 13:14:19.745 [main] PackageRelationshipCollection - Parsing relationship: /xl/worksheets/_rels/sheet1.xml.rels
[DEBUG] 2023-11-23 13:14:19.746 [main] PackageRelationshipCollection - Parsing relationship: /_rels/.rels
[DEBUG] 2023-11-23 13:14:19.763 [main] PackageRelationshipCollection - Parsing relationship: /xl/_rels/workbook.xml.rels
[DEBUG] 2023-11-23 13:14:19.764 [main] PackageRelationshipCollection - Parsing relationship: /xl/worksheets/_rels/sheet1.xml.rels
[DEBUG] 2023-11-23 13:14:19.765 [main] PackageRelationshipCollection - Parsing relationship: /_rels/.rels
[DEBUG] 2023-11-23 13:14:19.783 [main] PackageRelationshipCollection - Parsing relationship: /xl/_rels/workbook.xml.rels
[DEBUG] 2023-11-23 13:14:19.783 [main] PackageRelationshipCollection - Parsing relationship: /xl/worksheets/_rels/sheet1.xml.rels
[DEBUG] 2023-11-23 13:14:19.784 [main] PackageRelationshipCollection - Parsing relationship: /_rels/.rels
[DEBUG] 2023-11-23 13:14:19.798 [main] PackageRelationshipCollection - Parsing relationship: /xl/_rels/workbook.xml.rels
[DEBUG] 2023-11-23 13:14:19.799 [main] PackageRelationshipCollection - Parsing relationship: /xl/worksheets/_rels/sheet1.xml.rels
[DEBUG] 2023-11-23 13:14:19.799 [main] PackageRelationshipCollection - Parsing relationship: /_rels/.rels
[DEBUG] 2023-11-23 13:14:19.811 [main] PackageRelationshipCollection - Parsing relationship: /xl/_rels/workbook.xml.rels
[DEBUG] 2023-11-23 13:14:19.813 [main] PackageRelationshipCollection - Parsing relationship: /xl/worksheets/_rels/sheet1.xml.rels
[DEBUG] 2023-11-23 13:14:19.815 [main] PackageRelationshipCollection - Parsing relationship: /_rels/.rels
[DEBUG] 2023-11-23 13:14:19.833 [main] PackageRelationshipCollection - Parsing relationship: /xl/_rels/workbook.xml.rels
[DEBUG] 2023-11-23 13:14:19.834 [main] PackageRelationshipCollection - Parsing relationship: /xl/worksheets/_rels/sheet1.xml.rels
[DEBUG] 2023-11-23 13:14:19.835 [main] PackageRelationshipCollection - Parsing relationship: /_rels/.rels
[DEBUG] 2023-11-23 13:14:19.851 [main] PackageRelationshipCollection - Parsing relationship: /xl/_rels/workbook.xml.rels
[DEBUG] 2023-11-23 13:14:19.852 [main] PackageRelationshipCollection - Parsing relationship: /xl/worksheets/_rels/sheet1.xml.rels
[DEBUG] 2023-11-23 13:14:19.853 [main] PackageRelationshipCollection - Parsing relationship: /_rels/.rels
[DEBUG] 2023-11-23 13:14:19.868 [main] PackageRelationshipCollection - Parsing relationship: /xl/_rels/workbook.xml.rels
[DEBUG] 2023-11-23 13:14:19.869 [main] PackageRelationshipCollection - Parsing relationship: /xl/worksheets/_rels/sheet1.xml.rels
[DEBUG] 2023-11-23 13:14:19.869 [main] PackageRelationshipCollection - Parsing relationship: /_rels/.rels
[DEBUG] 2023-11-23 13:14:19.880 [main] PackageRelationshipCollection - Parsing relationship: /xl/_rels/workbook.xml.rels
[DEBUG] 2023-11-23 13:14:19.881 [main] PackageRelationshipCollection - Parsing relationship: /xl/worksheets/_rels/sheet1.xml.rels
[DEBUG] 2023-11-23 13:14:19.882 [main] PackageRelationshipCollection - Parsing relationship: /_rels/.rels
[DEBUG] 2023-11-23 13:14:19.891 [main] PackageRelationshipCollection - Parsing relationship: /xl/_rels/workbook.xml.rels
[DEBUG] 2023-11-23 13:14:19.892 [main] PackageRelationshipCollection - Parsing relationship: /xl/worksheets/_rels/sheet1.xml.rels
[DEBUG] 2023-11-23 13:14:19.893 [main] PackageRelationshipCollection - Parsing relationship: /_rels/.rels
[DEBUG] 2023-11-23 13:14:19.905 [main] PackageRelationshipCollection - Parsing relationship: /xl/_rels/workbook.xml.rels
[DEBUG] 2023-11-23 13:14:19.906 [main] PackageRelationshipCollection - Parsing relationship: /xl/worksheets/_rels/sheet1.xml.rels
[DEBUG] 2023-11-23 13:14:19.906 [main] PackageRelationshipCollection - Parsing relationship: /_rels/.rels
[DEBUG] 2023-11-23 13:14:19.919 [main] PackageRelationshipCollection - Parsing relationship: /xl/_rels/workbook.xml.rels
[DEBUG] 2023-11-23 13:14:19.920 [main] PackageRelationshipCollection - Parsing relationship: /xl/worksheets/_rels/sheet1.xml.rels
[DEBUG] 2023-11-23 13:14:19.920 [main] PackageRelationshipCollection - Parsing relationship: /_rels/.rels
[DEBUG] 2023-11-23 13:14:19.932 [main] PackageRelationshipCollection - Parsing relationship: /xl/_rels/workbook.xml.rels
[DEBUG] 2023-11-23 13:14:19.933 [main] PackageRelationshipCollection - Parsing relationship: /xl/worksheets/_rels/sheet1.xml.rels
[DEBUG] 2023-11-23 13:14:19.933 [main] PackageRelationshipCollection - Parsing relationship: /_rels/.rels
[DEBUG] 2023-11-23 13:14:19.942 [main] PackageRelationshipCollection - Parsing relationship: /xl/_rels/workbook.xml.rels
[DEBUG] 2023-11-23 13:14:19.942 [main] PackageRelationshipCollection - Parsing relationship: /xl/worksheets/_rels/sheet1.xml.rels
[DEBUG] 2023-11-23 13:14:19.943 [main] PackageRelationshipCollection - Parsing relationship: /_rels/.rels
[DEBUG] 2023-11-23 13:14:19.957 [main] PackageRelationshipCollection - Parsing relationship: /xl/_rels/workbook.xml.rels
[DEBUG] 2023-11-23 13:14:19.958 [main] PackageRelationshipCollection - Parsing relationship: /xl/worksheets/_rels/sheet1.xml.rels
[DEBUG] 2023-11-23 13:14:19.959 [main] PackageRelationshipCollection - Parsing relationship: /_rels/.rels
[DEBUG] 2023-11-23 13:14:19.972 [main] PackageRelationshipCollection - Parsing relationship: /xl/_rels/workbook.xml.rels
[DEBUG] 2023-11-23 13:14:19.973 [main] PackageRelationshipCollection - Parsing relationship: /xl/worksheets/_rels/sheet1.xml.rels
[DEBUG] 2023-11-23 13:14:19.973 [main] PackageRelationshipCollection - Parsing relationship: /_rels/.rels
[DEBUG] 2023-11-23 13:14:19.984 [main] PackageRelationshipCollection - Parsing relationship: /xl/_rels/workbook.xml.rels
[DEBUG] 2023-11-23 13:14:19.985 [main] PackageRelationshipCollection - Parsing relationship: /xl/worksheets/_rels/sheet1.xml.rels
[DEBUG] 2023-11-23 13:14:19.985 [main] PackageRelationshipCollection - Parsing relationship: /_rels/.rels
[DEBUG] 2023-11-23 13:14:19.996 [main] PackageRelationshipCollection - Parsing relationship: /xl/_rels/workbook.xml.rels
[DEBUG] 2023-11-23 13:14:19.996 [main] PackageRelationshipCollection - Parsing relationship: /xl/worksheets/_rels/sheet1.xml.rels
[DEBUG] 2023-11-23 13:14:19.997 [main] PackageRelationshipCollection - Parsing relationship: /_rels/.rels
[DEBUG] 2023-11-23 13:14:29.740 [main] PackageRelationshipCollection - Parsing relationship: /xl/_rels/workbook.xml.rels
[DEBUG] 2023-11-23 13:14:29.741 [main] PackageRelationshipCollection - Parsing relationship: /xl/worksheets/_rels/sheet1.xml.rels
[DEBUG] 2023-11-23 13:14:29.741 [main] PackageRelationshipCollection - Parsing relationship: /_rels/.rels
[DEBUG] 2023-11-23 13:14:29.753 [main] PackageRelationshipCollection - Parsing relationship: /xl/_rels/workbook.xml.rels
[DEBUG] 2023-11-23 13:14:29.753 [main] PackageRelationshipCollection - Parsing relationship: /xl/worksheets/_rels/sheet1.xml.rels
[DEBUG] 2023-11-23 13:14:29.754 [main] PackageRelationshipCollection - Parsing relationship: /_rels/.rels
[DEBUG] 2023-11-23 13:14:29.766 [main] PackageRelationshipCollection - Parsing relationship: /xl/_rels/workbook.xml.rels
[DEBUG] 2023-11-23 13:14:29.766 [main] PackageRelationshipCollection - Parsing relationship: /xl/worksheets/_rels/sheet1.xml.rels
[DEBUG] 2023-11-23 13:14:29.767 [main] PackageRelationshipCollection - Parsing relationship: /_rels/.rels
[DEBUG] 2023-11-23 13:14:29.775 [main] PackageRelationshipCollection - Parsing relationship: /xl/_rels/workbook.xml.rels
[DEBUG] 2023-11-23 13:14:29.775 [main] PackageRelationshipCollection - Parsing relationship: /xl/worksheets/_rels/sheet1.xml.rels
[DEBUG] 2023-11-23 13:14:29.776 [main] PackageRelationshipCollection - Parsing relationship: /_rels/.rels
[DEBUG] 2023-11-23 13:14:29.787 [main] PackageRelationshipCollection - Parsing relationship: /xl/_rels/workbook.xml.rels
[DEBUG] 2023-11-23 13:14:29.788 [main] PackageRelationshipCollection - Parsing relationship: /xl/worksheets/_rels/sheet1.xml.rels
[DEBUG] 2023-11-23 13:14:29.788 [main] PackageRelationshipCollection - Parsing relationship: /_rels/.rels
[DEBUG] 2023-11-23 13:14:29.797 [main] PackageRelationshipCollection - Parsing relationship: /xl/_rels/workbook.xml.rels
[DEBUG] 2023-11-23 13:14:29.798 [main] PackageRelationshipCollection - Parsing relationship: /xl/worksheets/_rels/sheet1.xml.rels
[DEBUG] 2023-11-23 13:14:29.798 [main] PackageRelationshipCollection - Parsing relationship: /_rels/.rels
[DEBUG] 2023-11-23 13:14:29.819 [main] PackageRelationshipCollection - Parsing relationship: /xl/_rels/workbook.xml.rels
[DEBUG] 2023-11-23 13:14:29.819 [main] PackageRelationshipCollection - Parsing relationship: /xl/worksheets/_rels/sheet1.xml.rels
[DEBUG] 2023-11-23 13:14:29.820 [main] PackageRelationshipCollection - Parsing relationship: /_rels/.rels
[INFO ] 2023-11-23 13:14:37.823 [main] UserTests - ===============Create User test is start===========
[INFO ] 2023-11-23 13:14:39.585 [main] UserTests - ===============Create User test is Ended===========
[INFO ] 2023-11-23 13:14:39.586 [main] UserTests - =============== User Info is start===========
[INFO ] 2023-11-23 13:14:40.699 [main] UserTests - =============== User Info is End===========
[INFO ] 2023-11-23 13:14:40.700 [main] UserTests - =============== Updating  User info is start===========
[INFO ] 2023-11-23 13:14:43.137 [main] UserTests - =============== Updating  User info End===========
[INFO ] 2023-11-23 13:14:43.137 [main] UserTests - =============== Delete User Started===========
[INFO ] 2023-11-23 13:14:44.266 [main] UserTests - =============== Delete User Ended===========
[INFO ] 2023-11-23 13:18:39.113 [main] UserTests - ===============Create User test is start===========
[INFO ] 2023-11-23 13:18:42.130 [main] UserTests - ===============Create User test is Ended===========
[INFO ] 2023-11-23 13:18:42.141 [main] UserTests - =============== User Info is start===========
[INFO ] 2023-11-23 13:18:43.509 [main] UserTests - =============== User Info is End===========
[INFO ] 2023-11-23 13:18:43.510 [main] UserTests - =============== Updating  User info is start===========
[INFO ] 2023-11-23 13:18:45.845 [main] UserTests - =============== Updating  User info End===========
[INFO ] 2023-11-23 13:18:45.846 [main] UserTests - =============== Delete User Started===========
[INFO ] 2023-11-23 13:18:47.521 [main] UserTests - =============== Delete User Ended===========
[INFO ] 2023-11-23 13:20:30.116 [main] UserTests - ===============Create User test is start===========
[INFO ] 2023-11-23 13:20:33.323 [main] UserTests - ===============Create User test is Ended===========
[INFO ] 2023-11-23 13:20:33.336 [main] UserTests - =============== User Info is start===========
[INFO ] 2023-11-23 13:20:34.608 [main] UserTests - =============== User Info is End===========
[INFO ] 2023-11-23 13:20:34.610 [main] UserTests - =============== Updating  User info is start===========
[INFO ] 2023-11-23 13:20:36.978 [main] UserTests - =============== Updating  User info End===========
[INFO ] 2023-11-23 13:20:36.979 [main] UserTests - =============== Delete User Started===========
[INFO ] 2023-11-23 13:20:38.114 [main] UserTests - =============== Delete User Ended===========
[INFO ] 2023-11-23 13:22:48.642 [main] UserTests - ===============Create User test is start===========
[INFO ] 2023-11-23 13:22:52.071 [main] UserTests - ===============Create User test is Ended===========
[INFO ] 2023-11-23 13:22:52.083 [main] UserTests - =============== User Info is start===========
[INFO ] 2023-11-23 13:22:53.244 [main] UserTests - =============== User Info is End===========
[INFO ] 2023-11-23 13:22:53.246 [main] UserTests - =============== Updating  User info is start===========
[INFO ] 2023-11-23 13:22:55.402 [main] UserTests - =============== Updating  User info End===========
[INFO ] 2023-11-23 13:22:55.404 [main] UserTests - =============== Delete User Started===========
[INFO ] 2023-11-23 13:22:56.525 [main] UserTests - =============== Delete User Ended===========
[INFO ] 2023-11-23 13:23:21.155 [main] UserTests - ===============Create User test is start===========
[INFO ] 2023-11-23 13:23:23.975 [main] UserTests - ===============Create User test is Ended===========
[INFO ] 2023-11-23 13:23:23.989 [main] UserTests - =============== User Info is start===========
[INFO ] 2023-11-23 13:23:25.076 [main] UserTests - =============== User Info is End===========
[INFO ] 2023-11-23 13:23:25.078 [main] UserTests - =============== Updating  User info is start===========
[INFO ] 2023-11-23 13:23:28.099 [main] UserTests - =============== Updating  User info End===========
[INFO ] 2023-11-23 13:23:28.100 [main] UserTests - =============== Delete User Started===========
[INFO ] 2023-11-23 13:23:29.251 [main] UserTests - =============== Delete User Ended===========
[INFO ] 2023-11-23 14:08:25.646 [main] UserTests - ===============Create User test is start===========
[INFO ] 2023-11-23 14:08:29.215 [main] UserTests - ===============Create User test is Ended===========
[INFO ] 2023-11-23 14:08:29.228 [main] UserTests - =============== User Info is start===========
[INFO ] 2023-11-23 14:08:30.568 [main] UserTests - =============== User Info is End===========
[INFO ] 2023-11-23 14:08:30.569 [main] UserTests - =============== Updating  User info is start===========
[INFO ] 2023-11-23 14:08:33.013 [main] UserTests - =============== Updating  User info End===========
[INFO ] 2023-11-23 14:08:33.014 [main] UserTests - =============== Delete User Started===========
[INFO ] 2023-11-23 14:08:34.214 [main] UserTests - =============== Delete User Ended===========
[INFO ] 2023-11-23 14:25:16.542 [main] UserTests - ===============Create User test is start===========
[INFO ] 2023-11-23 14:25:19.833 [main] UserTests - ===============Create User test is Ended===========
[INFO ] 2023-11-23 14:25:19.852 [main] UserTests - =============== User Info is start===========
[INFO ] 2023-11-23 14:25:21.036 [main] UserTests - =============== User Info is End===========
[INFO ] 2023-11-23 14:25:21.038 [main] UserTests - =============== Updating  User info is start===========
[INFO ] 2023-11-23 14:25:23.534 [main] UserTests - =============== Updating  User info End===========
[INFO ] 2023-11-23 14:25:23.535 [main] UserTests - =============== Delete User Started===========
[INFO ] 2023-11-23 14:25:24.699 [main] UserTests - =============== Delete User Ended===========
